data.aws_caller_identity.current: Reading...
data.aws_availability_zones.current: Reading...
data.aws_region.current: Reading...
data.aws_region.current: Read complete after 0s [id=eu-central-1]
aws_vpc.main: Refreshing state... [id=vpc-0299811210dace54a]
data.aws_ami.vm: Reading...
data.aws_availability_zones.current: Read complete after 0s [id=eu-central-1]
aws_ebs_volume.backend: Refreshing state... [id=vol-0739bcfa75f01e306]
data.aws_ami.vm: Read complete after 0s [id=ami-074543d9faf9c0509]
data.aws_caller_identity.current: Read complete after 1s [id=887012142425]
aws_internet_gateway.gw: Refreshing state... [id=igw-073d7ea9ea4d6f01a]
aws_subnet.public: Refreshing state... [id=subnet-0e703a9c73273dee7]
aws_subnet.private: Refreshing state... [id=subnet-02d129c1893557ad7]
aws_security_group.private: Refreshing state... [id=sg-0c265a769a4cb44a8]
aws_security_group.public: Refreshing state... [id=sg-0c6d5db063928148b]
aws_eip.nat: Refreshing state... [id=eipalloc-097ca170ccc3439c5]
aws_route_table.public: Refreshing state... [id=rtb-0ffee2e82966e37a5]
aws_vpc_security_group_egress_rule.public: Refreshing state... [id=sgr-0c55ccfa9e297bc2d]
aws_vpc_security_group_ingress_rule.public["ssh"]: Refreshing state... [id=sgr-01735b4cd532fbb2a]
aws_vpc_security_group_ingress_rule.public["http"]: Refreshing state... [id=sgr-016d0aab9a5e7f839]
aws_vpc_security_group_ingress_rule.public["https"]: Refreshing state... [id=sgr-022683aafc5f86b35]
aws_instance.frontend: Refreshing state... [id=i-086f28aa3a70ba4c3]
aws_instance.backend: Refreshing state... [id=i-01b4c1846211d7136]
aws_vpc_security_group_egress_rule.private: Refreshing state... [id=sgr-0d6fa855a534813cd]
aws_nat_gateway.private: Refreshing state... [id=nat-0e979b3c55fa2d1d1]
aws_route_table_association.public: Refreshing state... [id=rtbassoc-0af2412c2ca91b6e5]
aws_route_table.private: Refreshing state... [id=rtb-0df0100943bc30c1d]
aws_route_table_association.private: Refreshing state... [id=rtbassoc-08b826cb2bb9fc6f1]
aws_volume_attachment.backend: Refreshing state... [id=vai-3210301537]
aws_vpc_security_group_ingress_rule.private["prometheus"]: Refreshing state... [id=sgr-0e931e3e5806658d8]
aws_vpc_security_group_ingress_rule.private["node_export"]: Refreshing state... [id=sgr-07397dd1a08a7d263]
aws_vpc_security_group_ingress_rule.private["postgresql"]: Refreshing state... [id=sgr-0158077c86cb3adfe]
aws_vpc_security_group_ingress_rule.private["ssh"]: Refreshing state... [id=sgr-0e42c3454560224a8]

Terraform used the selected providers to generate the following execution
plan. Resource actions are indicated with the following symbols:
  - destroy

Terraform will perform the following actions:

  # aws_ebs_volume.backend will be destroyed
  - resource "aws_ebs_volume" "backend" {
      - arn                  = "arn:aws:ec2:eu-central-1:887012142425:volume/vol-0739bcfa75f01e306" -> null
      - availability_zone    = "eu-central-1a" -> null
      - encrypted            = false -> null
      - final_snapshot       = false -> null
      - id                   = "vol-0739bcfa75f01e306" -> null
      - iops                 = 100 -> null
      - multi_attach_enabled = false -> null
      - size                 = 2 -> null
      - tags                 = {
          - "Environment" = "dev"
          - "Name"        = "Yunga Backend data storage volume"
          - "Project"     = "Yunga"
          - "Terraform"   = "true"
        } -> null
      - tags_all             = {
          - "Environment" = "dev"
          - "Name"        = "Yunga Backend data storage volume"
          - "Project"     = "Yunga"
          - "Terraform"   = "true"
        } -> null
      - throughput           = 0 -> null
      - type                 = "gp2" -> null
    }

  # aws_eip.nat will be destroyed
  - resource "aws_eip" "nat" {
      - allocation_id        = "eipalloc-097ca170ccc3439c5" -> null
      - association_id       = "eipassoc-016cdde18f191d8d4" -> null
      - domain               = "vpc" -> null
      - id                   = "eipalloc-097ca170ccc3439c5" -> null
      - network_border_group = "eu-central-1" -> null
      - network_interface    = "eni-0df332710b3ed754d" -> null
      - private_dns          = "ip-10-0-128-224.eu-central-1.compute.internal" -> null
      - private_ip           = "10.0.128.224" -> null
      - public_dns           = "ec2-3-76-155-236.eu-central-1.compute.amazonaws.com" -> null
      - public_ip            = "3.76.155.236" -> null
      - public_ipv4_pool     = "amazon" -> null
      - tags                 = {} -> null
      - tags_all             = {
          - "Environment" = "dev"
          - "Project"     = "Yunga"
          - "Terraform"   = "true"
        } -> null
      - vpc                  = true -> null
    }

  # aws_instance.backend will be destroyed
  - resource "aws_instance" "backend" {
      - ami                                  = "ami-074543d9faf9c0509" -> null
      - arn                                  = "arn:aws:ec2:eu-central-1:887012142425:instance/i-01b4c1846211d7136" -> null
      - associate_public_ip_address          = false -> null
      - availability_zone                    = "eu-central-1a" -> null
      - cpu_core_count                       = 1 -> null
      - cpu_threads_per_core                 = 2 -> null
      - disable_api_stop                     = false -> null
      - disable_api_termination              = false -> null
      - ebs_optimized                        = false -> null
      - get_password_data                    = false -> null
      - hibernation                          = false -> null
      - id                                   = "i-01b4c1846211d7136" -> null
      - instance_initiated_shutdown_behavior = "stop" -> null
      - instance_state                       = "running" -> null
      - instance_type                        = "t3a.medium" -> null
      - ipv6_address_count                   = 0 -> null
      - ipv6_addresses                       = [] -> null
      - key_name                             = "yunga" -> null
      - monitoring                           = false -> null
      - placement_partition_number           = 0 -> null
      - primary_network_interface_id         = "eni-06769818e6912c549" -> null
      - private_dns                          = "ip-10-0-1-242.eu-central-1.compute.internal" -> null
      - private_ip                           = "10.0.1.242" -> null
      - secondary_private_ips                = [] -> null
      - security_groups                      = [] -> null
      - source_dest_check                    = true -> null
      - subnet_id                            = "subnet-02d129c1893557ad7" -> null
      - tags                                 = {
          - "AMICreationDate"    = "2023-06-08T04:39:34.000Z"
          - "AMIDeprecationTime" = "2025-06-08T04:39:34.000Z"
          - "AMIDescription"     = "Canonical, Ubuntu, 22.04 LTS, amd64 jammy image build on 2023-06-08"
          - "AMIId"              = "ami-074543d9faf9c0509"
          - "Environment"        = "dev"
          - "InstanceType"       = "t3a.medium"
          - "Name"               = "Yunga Backend Instance"
          - "Project"            = "Yunga"
          - "Terraform"          = "true"
          - "Tier"               = "backend"
        } -> null
      - tags_all                             = {
          - "AMICreationDate"    = "2023-06-08T04:39:34.000Z"
          - "AMIDeprecationTime" = "2025-06-08T04:39:34.000Z"
          - "AMIDescription"     = "Canonical, Ubuntu, 22.04 LTS, amd64 jammy image build on 2023-06-08"
          - "AMIId"              = "ami-074543d9faf9c0509"
          - "Environment"        = "dev"
          - "InstanceType"       = "t3a.medium"
          - "Name"               = "Yunga Backend Instance"
          - "Project"            = "Yunga"
          - "Terraform"          = "true"
          - "Tier"               = "backend"
        } -> null
      - tenancy                              = "default" -> null
      - user_data                            = "ed4bf5cea6b8e6e0b07b7b47588fb924b013427b" -> null
      - user_data_replace_on_change          = false -> null
      - vpc_security_group_ids               = [
          - "sg-0c6d5db063928148b",
        ] -> null

      - capacity_reservation_specification {
          - capacity_reservation_preference = "open" -> null
        }

      - cpu_options {
          - core_count       = 1 -> null
          - threads_per_core = 2 -> null
        }

      - credit_specification {
          - cpu_credits = "unlimited" -> null
        }

      - ebs_block_device {
          - delete_on_termination = false -> null
          - device_name           = "/dev/sdf" -> null
          - encrypted             = false -> null
          - iops                  = 100 -> null
          - tags                  = {
              - "Environment" = "dev"
              - "Name"        = "Yunga Backend data storage volume"
              - "Project"     = "Yunga"
              - "Terraform"   = "true"
            } -> null
          - throughput            = 0 -> null
          - volume_id             = "vol-0739bcfa75f01e306" -> null
          - volume_size           = 2 -> null
          - volume_type           = "gp2" -> null
        }

      - enclave_options {
          - enabled = false -> null
        }

      - maintenance_options {
          - auto_recovery = "default" -> null
        }

      - metadata_options {
          - http_endpoint               = "enabled" -> null
          - http_put_response_hop_limit = 1 -> null
          - http_tokens                 = "optional" -> null
          - instance_metadata_tags      = "disabled" -> null
        }

      - private_dns_name_options {
          - enable_resource_name_dns_a_record    = false -> null
          - enable_resource_name_dns_aaaa_record = false -> null
          - hostname_type                        = "ip-name" -> null
        }

      - root_block_device {
          - delete_on_termination = true -> null
          - device_name           = "/dev/sda1" -> null
          - encrypted             = false -> null
          - iops                  = 100 -> null
          - tags                  = {} -> null
          - throughput            = 0 -> null
          - volume_id             = "vol-0024fbe5ca68e24cf" -> null
          - volume_size           = 8 -> null
          - volume_type           = "gp2" -> null
        }
    }

  # aws_instance.frontend will be destroyed
  - resource "aws_instance" "frontend" {
      - ami                                  = "ami-074543d9faf9c0509" -> null
      - arn                                  = "arn:aws:ec2:eu-central-1:887012142425:instance/i-086f28aa3a70ba4c3" -> null
      - associate_public_ip_address          = true -> null
      - availability_zone                    = "eu-central-1a" -> null
      - cpu_core_count                       = 1 -> null
      - cpu_threads_per_core                 = 2 -> null
      - disable_api_stop                     = false -> null
      - disable_api_termination              = false -> null
      - ebs_optimized                        = false -> null
      - get_password_data                    = false -> null
      - hibernation                          = false -> null
      - id                                   = "i-086f28aa3a70ba4c3" -> null
      - instance_initiated_shutdown_behavior = "stop" -> null
      - instance_state                       = "running" -> null
      - instance_type                        = "t3a.micro" -> null
      - ipv6_address_count                   = 0 -> null
      - ipv6_addresses                       = [] -> null
      - key_name                             = "yunga" -> null
      - monitoring                           = false -> null
      - placement_partition_number           = 0 -> null
      - primary_network_interface_id         = "eni-09b9ec701f9b4d63a" -> null
      - private_dns                          = "ip-10-0-128-220.eu-central-1.compute.internal" -> null
      - private_ip                           = "10.0.128.220" -> null
      - public_dns                           = "ec2-3-66-87-215.eu-central-1.compute.amazonaws.com" -> null
      - public_ip                            = "3.66.87.215" -> null
      - secondary_private_ips                = [] -> null
      - security_groups                      = [] -> null
      - source_dest_check                    = true -> null
      - subnet_id                            = "subnet-0e703a9c73273dee7" -> null
      - tags                                 = {
          - "AMICreationDate"    = "2023-06-08T04:39:34.000Z"
          - "AMIDeprecationTime" = "2025-06-08T04:39:34.000Z"
          - "AMIDescription"     = "Canonical, Ubuntu, 22.04 LTS, amd64 jammy image build on 2023-06-08"
          - "AMIId"              = "ami-074543d9faf9c0509"
          - "Environment"        = "dev"
          - "InstanceType"       = "t3a.micro"
          - "Name"               = "Yunga Frontend Instance"
          - "Project"            = "Yunga"
          - "Terraform"          = "true"
          - "Tier"               = "frontend"
        } -> null
      - tags_all                             = {
          - "AMICreationDate"    = "2023-06-08T04:39:34.000Z"
          - "AMIDeprecationTime" = "2025-06-08T04:39:34.000Z"
          - "AMIDescription"     = "Canonical, Ubuntu, 22.04 LTS, amd64 jammy image build on 2023-06-08"
          - "AMIId"              = "ami-074543d9faf9c0509"
          - "Environment"        = "dev"
          - "InstanceType"       = "t3a.micro"
          - "Name"               = "Yunga Frontend Instance"
          - "Project"            = "Yunga"
          - "Terraform"          = "true"
          - "Tier"               = "frontend"
        } -> null
      - tenancy                              = "default" -> null
      - user_data                            = "82ab72cf58475c0f012ca8d4fd06905ba10cd708" -> null
      - user_data_replace_on_change          = false -> null
      - vpc_security_group_ids               = [
          - "sg-0c6d5db063928148b",
        ] -> null

      - capacity_reservation_specification {
          - capacity_reservation_preference = "open" -> null
        }

      - cpu_options {
          - core_count       = 1 -> null
          - threads_per_core = 2 -> null
        }

      - credit_specification {
          - cpu_credits = "unlimited" -> null
        }

      - enclave_options {
          - enabled = false -> null
        }

      - maintenance_options {
          - auto_recovery = "default" -> null
        }

      - metadata_options {
          - http_endpoint               = "enabled" -> null
          - http_put_response_hop_limit = 1 -> null
          - http_tokens                 = "optional" -> null
          - instance_metadata_tags      = "disabled" -> null
        }

      - private_dns_name_options {
          - enable_resource_name_dns_a_record    = false -> null
          - enable_resource_name_dns_aaaa_record = false -> null
          - hostname_type                        = "ip-name" -> null
        }

      - root_block_device {
          - delete_on_termination = true -> null
          - device_name           = "/dev/sda1" -> null
          - encrypted             = false -> null
          - iops                  = 100 -> null
          - tags                  = {} -> null
          - throughput            = 0 -> null
          - volume_id             = "vol-0b285432bf4b8e2b4" -> null
          - volume_size           = 8 -> null
          - volume_type           = "gp2" -> null
        }
    }

  # aws_internet_gateway.gw will be destroyed
  - resource "aws_internet_gateway" "gw" {
      - arn      = "arn:aws:ec2:eu-central-1:887012142425:internet-gateway/igw-073d7ea9ea4d6f01a" -> null
      - id       = "igw-073d7ea9ea4d6f01a" -> null
      - owner_id = "887012142425" -> null
      - tags     = {
          - "Environment" = "dev"
          - "Name"        = "Yunga Internet Gateway"
          - "Project"     = "Yunga"
          - "Terraform"   = "true"
        } -> null
      - tags_all = {
          - "Environment" = "dev"
          - "Name"        = "Yunga Internet Gateway"
          - "Project"     = "Yunga"
          - "Terraform"   = "true"
        } -> null
      - vpc_id   = "vpc-0299811210dace54a" -> null
    }

  # aws_nat_gateway.private will be destroyed
  - resource "aws_nat_gateway" "private" {
      - allocation_id        = "eipalloc-097ca170ccc3439c5" -> null
      - association_id       = "eipassoc-016cdde18f191d8d4" -> null
      - connectivity_type    = "public" -> null
      - id                   = "nat-0e979b3c55fa2d1d1" -> null
      - network_interface_id = "eni-0df332710b3ed754d" -> null
      - private_ip           = "10.0.128.224" -> null
      - public_ip            = "3.76.155.236" -> null
      - subnet_id            = "subnet-0e703a9c73273dee7" -> null
      - tags                 = {
          - "Environment" = "dev"
          - "Name"        = "NAT Gateway for Yunga Private Network"
          - "Project"     = "Yunga"
          - "Terraform"   = "true"
        } -> null
      - tags_all             = {
          - "Environment" = "dev"
          - "Name"        = "NAT Gateway for Yunga Private Network"
          - "Project"     = "Yunga"
          - "Terraform"   = "true"
        } -> null
    }

  # aws_route_table.private will be destroyed
  - resource "aws_route_table" "private" {
      - arn              = "arn:aws:ec2:eu-central-1:887012142425:route-table/rtb-0df0100943bc30c1d" -> null
      - id               = "rtb-0df0100943bc30c1d" -> null
      - owner_id         = "887012142425" -> null
      - propagating_vgws = [] -> null
      - route            = [
          - {
              - carrier_gateway_id         = ""
              - cidr_block                 = "0.0.0.0/0"
              - core_network_arn           = ""
              - destination_prefix_list_id = ""
              - egress_only_gateway_id     = ""
              - gateway_id                 = ""
              - ipv6_cidr_block            = ""
              - local_gateway_id           = ""
              - nat_gateway_id             = "nat-0e979b3c55fa2d1d1"
              - network_interface_id       = ""
              - transit_gateway_id         = ""
              - vpc_endpoint_id            = ""
              - vpc_peering_connection_id  = ""
            },
        ] -> null
      - tags             = {
          - "Environment" = "dev"
          - "Name"        = "Yunga Private Routing Table"
          - "Project"     = "Yunga"
          - "Terraform"   = "true"
        } -> null
      - tags_all         = {
          - "Environment" = "dev"
          - "Name"        = "Yunga Private Routing Table"
          - "Project"     = "Yunga"
          - "Terraform"   = "true"
        } -> null
      - vpc_id           = "vpc-0299811210dace54a" -> null
    }

  # aws_route_table.public will be destroyed
  - resource "aws_route_table" "public" {
      - arn              = "arn:aws:ec2:eu-central-1:887012142425:route-table/rtb-0ffee2e82966e37a5" -> null
      - id               = "rtb-0ffee2e82966e37a5" -> null
      - owner_id         = "887012142425" -> null
      - propagating_vgws = [] -> null
      - route            = [
          - {
              - carrier_gateway_id         = ""
              - cidr_block                 = "0.0.0.0/0"
              - core_network_arn           = ""
              - destination_prefix_list_id = ""
              - egress_only_gateway_id     = ""
              - gateway_id                 = "igw-073d7ea9ea4d6f01a"
              - ipv6_cidr_block            = ""
              - local_gateway_id           = ""
              - nat_gateway_id             = ""
              - network_interface_id       = ""
              - transit_gateway_id         = ""
              - vpc_endpoint_id            = ""
              - vpc_peering_connection_id  = ""
            },
        ] -> null
      - tags             = {
          - "Environment" = "dev"
          - "Name"        = "Yunga Public Routing Table"
          - "Project"     = "Yunga"
          - "Terraform"   = "true"
        } -> null
      - tags_all         = {
          - "Environment" = "dev"
          - "Name"        = "Yunga Public Routing Table"
          - "Project"     = "Yunga"
          - "Terraform"   = "true"
        } -> null
      - vpc_id           = "vpc-0299811210dace54a" -> null
    }

  # aws_route_table_association.private will be destroyed
  - resource "aws_route_table_association" "private" {
      - id             = "rtbassoc-08b826cb2bb9fc6f1" -> null
      - route_table_id = "rtb-0df0100943bc30c1d" -> null
      - subnet_id      = "subnet-02d129c1893557ad7" -> null
    }

  # aws_route_table_association.public will be destroyed
  - resource "aws_route_table_association" "public" {
      - id             = "rtbassoc-0af2412c2ca91b6e5" -> null
      - route_table_id = "rtb-0ffee2e82966e37a5" -> null
      - subnet_id      = "subnet-0e703a9c73273dee7" -> null
    }

  # aws_security_group.private will be destroyed
  - resource "aws_security_group" "private" {
      - arn                    = "arn:aws:ec2:eu-central-1:887012142425:security-group/sg-0c265a769a4cb44a8" -> null
      - description            = "Manage inbound/outbound traffic for Yunga Private Network" -> null
      - egress                 = [
          - {
              - cidr_blocks      = [
                  - "0.0.0.0/0",
                ]
              - description      = "outbound traffic"
              - from_port        = 0
              - ipv6_cidr_blocks = []
              - prefix_list_ids  = []
              - protocol         = "-1"
              - security_groups  = []
              - self             = false
              - to_port          = 0
            },
        ] -> null
      - id                     = "sg-0c265a769a4cb44a8" -> null
      - ingress                = [
          - {
              - cidr_blocks      = [
                  - "0.0.0.0/0",
                ]
              - description      = "ssh rule"
              - from_port        = 22
              - ipv6_cidr_blocks = []
              - prefix_list_ids  = []
              - protocol         = "tcp"
              - security_groups  = []
              - self             = false
              - to_port          = 22
            },
          - {
              - cidr_blocks      = [
                  - "10.0.128.220/32",
                ]
              - description      = "node export rule"
              - from_port        = 9100
              - ipv6_cidr_blocks = []
              - prefix_list_ids  = []
              - protocol         = "tcp"
              - security_groups  = []
              - self             = false
              - to_port          = 9100
            },
          - {
              - cidr_blocks      = [
                  - "10.0.128.220/32",
                ]
              - description      = "postgresql rule"
              - from_port        = 5432
              - ipv6_cidr_blocks = []
              - prefix_list_ids  = []
              - protocol         = "tcp"
              - security_groups  = []
              - self             = false
              - to_port          = 5432
            },
          - {
              - cidr_blocks      = [
                  - "10.0.128.220/32",
                ]
              - description      = "prometheus rule"
              - from_port        = 9090
              - ipv6_cidr_blocks = []
              - prefix_list_ids  = []
              - protocol         = "tcp"
              - security_groups  = []
              - self             = false
              - to_port          = 9090
            },
        ] -> null
      - name                   = "Yunga Private Security Group" -> null
      - owner_id               = "887012142425" -> null
      - revoke_rules_on_delete = false -> null
      - tags                   = {
          - "Environment" = "dev"
          - "Name"        = "Yunga Private Security Group"
          - "Project"     = "Yunga"
          - "Terraform"   = "true"
        } -> null
      - tags_all               = {
          - "Environment" = "dev"
          - "Name"        = "Yunga Private Security Group"
          - "Project"     = "Yunga"
          - "Terraform"   = "true"
        } -> null
      - vpc_id                 = "vpc-0299811210dace54a" -> null
    }

  # aws_security_group.public will be destroyed
  - resource "aws_security_group" "public" {
      - arn                    = "arn:aws:ec2:eu-central-1:887012142425:security-group/sg-0c6d5db063928148b" -> null
      - description            = "Manage inbound/outbound traffic for Yunga Public Network" -> null
      - egress                 = [
          - {
              - cidr_blocks      = [
                  - "0.0.0.0/0",
                ]
              - description      = "outbound traffic"
              - from_port        = 0
              - ipv6_cidr_blocks = []
              - prefix_list_ids  = []
              - protocol         = "-1"
              - security_groups  = []
              - self             = false
              - to_port          = 0
            },
        ] -> null
      - id                     = "sg-0c6d5db063928148b" -> null
      - ingress                = [
          - {
              - cidr_blocks      = [
                  - "0.0.0.0/0",
                ]
              - description      = "http rule"
              - from_port        = 80
              - ipv6_cidr_blocks = []
              - prefix_list_ids  = []
              - protocol         = "tcp"
              - security_groups  = []
              - self             = false
              - to_port          = 80
            },
          - {
              - cidr_blocks      = [
                  - "0.0.0.0/0",
                ]
              - description      = "https rule"
              - from_port        = 443
              - ipv6_cidr_blocks = []
              - prefix_list_ids  = []
              - protocol         = "tcp"
              - security_groups  = []
              - self             = false
              - to_port          = 443
            },
          - {
              - cidr_blocks      = [
                  - "0.0.0.0/0",
                ]
              - description      = "ssh rule"
              - from_port        = 22
              - ipv6_cidr_blocks = []
              - prefix_list_ids  = []
              - protocol         = "tcp"
              - security_groups  = []
              - self             = false
              - to_port          = 22
            },
        ] -> null
      - name                   = "Yunga Public Security Group" -> null
      - owner_id               = "887012142425" -> null
      - revoke_rules_on_delete = false -> null
      - tags                   = {
          - "Environment" = "dev"
          - "Name"        = "Yunga Public Security Group"
          - "Project"     = "Yunga"
          - "Terraform"   = "true"
        } -> null
      - tags_all               = {
          - "Environment" = "dev"
          - "Name"        = "Yunga Public Security Group"
          - "Project"     = "Yunga"
          - "Terraform"   = "true"
        } -> null
      - vpc_id                 = "vpc-0299811210dace54a" -> null
    }

  # aws_subnet.private will be destroyed
  - resource "aws_subnet" "private" {
      - arn                                            = "arn:aws:ec2:eu-central-1:887012142425:subnet/subnet-02d129c1893557ad7" -> null
      - assign_ipv6_address_on_creation                = false -> null
      - availability_zone                              = "eu-central-1a" -> null
      - availability_zone_id                           = "euc1-az2" -> null
      - cidr_block                                     = "10.0.1.0/24" -> null
      - enable_dns64                                   = false -> null
      - enable_lni_at_device_index                     = 0 -> null
      - enable_resource_name_dns_a_record_on_launch    = false -> null
      - enable_resource_name_dns_aaaa_record_on_launch = false -> null
      - id                                             = "subnet-02d129c1893557ad7" -> null
      - ipv6_native                                    = false -> null
      - map_customer_owned_ip_on_launch                = false -> null
      - map_public_ip_on_launch                        = false -> null
      - owner_id                                       = "887012142425" -> null
      - private_dns_hostname_type_on_launch            = "ip-name" -> null
      - tags                                           = {
          - "Environment" = "dev"
          - "Name"        = "Yunga Private Subnet"
          - "Project"     = "Yunga"
          - "Terraform"   = "true"
        } -> null
      - tags_all                                       = {
          - "Environment" = "dev"
          - "Name"        = "Yunga Private Subnet"
          - "Project"     = "Yunga"
          - "Terraform"   = "true"
        } -> null
      - vpc_id                                         = "vpc-0299811210dace54a" -> null
    }

  # aws_subnet.public will be destroyed
  - resource "aws_subnet" "public" {
      - arn                                            = "arn:aws:ec2:eu-central-1:887012142425:subnet/subnet-0e703a9c73273dee7" -> null
      - assign_ipv6_address_on_creation                = false -> null
      - availability_zone                              = "eu-central-1a" -> null
      - availability_zone_id                           = "euc1-az2" -> null
      - cidr_block                                     = "10.0.128.0/24" -> null
      - enable_dns64                                   = false -> null
      - enable_lni_at_device_index                     = 0 -> null
      - enable_resource_name_dns_a_record_on_launch    = false -> null
      - enable_resource_name_dns_aaaa_record_on_launch = false -> null
      - id                                             = "subnet-0e703a9c73273dee7" -> null
      - ipv6_native                                    = false -> null
      - map_customer_owned_ip_on_launch                = false -> null
      - map_public_ip_on_launch                        = false -> null
      - owner_id                                       = "887012142425" -> null
      - private_dns_hostname_type_on_launch            = "ip-name" -> null
      - tags                                           = {
          - "Environment" = "dev"
          - "Name"        = "Yunga Public Subnet"
          - "Project"     = "Yunga"
          - "Terraform"   = "true"
        } -> null
      - tags_all                                       = {
          - "Environment" = "dev"
          - "Name"        = "Yunga Public Subnet"
          - "Project"     = "Yunga"
          - "Terraform"   = "true"
        } -> null
      - vpc_id                                         = "vpc-0299811210dace54a" -> null
    }

  # aws_volume_attachment.backend will be destroyed
  - resource "aws_volume_attachment" "backend" {
      - device_name                    = "/dev/sdf" -> null
      - id                             = "vai-3210301537" -> null
      - instance_id                    = "i-01b4c1846211d7136" -> null
      - stop_instance_before_detaching = true -> null
      - volume_id                      = "vol-0739bcfa75f01e306" -> null
    }

  # aws_vpc.main will be destroyed
  - resource "aws_vpc" "main" {
      - arn                                  = "arn:aws:ec2:eu-central-1:887012142425:vpc/vpc-0299811210dace54a" -> null
      - assign_generated_ipv6_cidr_block     = false -> null
      - cidr_block                           = "10.0.0.0/16" -> null
      - default_network_acl_id               = "acl-01f41c088a3c64f61" -> null
      - default_route_table_id               = "rtb-0abaf99b77a3d47bc" -> null
      - default_security_group_id            = "sg-04d1ecd7ede7dad2c" -> null
      - dhcp_options_id                      = "dopt-68bdc100" -> null
      - enable_dns_hostnames                 = true -> null
      - enable_dns_support                   = true -> null
      - enable_network_address_usage_metrics = false -> null
      - id                                   = "vpc-0299811210dace54a" -> null
      - instance_tenancy                     = "default" -> null
      - ipv6_netmask_length                  = 0 -> null
      - main_route_table_id                  = "rtb-0abaf99b77a3d47bc" -> null
      - owner_id                             = "887012142425" -> null
      - tags                                 = {
          - "Environment" = "dev"
          - "Name"        = "Yunga VPC"
          - "Project"     = "Yunga"
          - "Terraform"   = "true"
        } -> null
      - tags_all                             = {
          - "Environment" = "dev"
          - "Name"        = "Yunga VPC"
          - "Project"     = "Yunga"
          - "Terraform"   = "true"
        } -> null
    }

  # aws_vpc_security_group_egress_rule.private will be destroyed
  - resource "aws_vpc_security_group_egress_rule" "private" {
      - arn                    = "arn:aws:ec2:eu-central-1:887012142425:security-group-rule/sgr-0d6fa855a534813cd" -> null
      - cidr_ipv4              = "0.0.0.0/0" -> null
      - description            = "outbound traffic" -> null
      - id                     = "sgr-0d6fa855a534813cd" -> null
      - ip_protocol            = "-1" -> null
      - security_group_id      = "sg-0c265a769a4cb44a8" -> null
      - security_group_rule_id = "sgr-0d6fa855a534813cd" -> null
      - tags                   = {
          - "Environment" = "dev"
          - "Name"        = "Private Egress rule"
          - "Project"     = "Yunga"
          - "Terraform"   = "true"
        } -> null
      - tags_all               = {
          - "Environment" = "dev"
          - "Name"        = "Private Egress rule"
          - "Project"     = "Yunga"
          - "Terraform"   = "true"
        } -> null
    }

  # aws_vpc_security_group_egress_rule.public will be destroyed
  - resource "aws_vpc_security_group_egress_rule" "public" {
      - arn                    = "arn:aws:ec2:eu-central-1:887012142425:security-group-rule/sgr-0c55ccfa9e297bc2d" -> null
      - cidr_ipv4              = "0.0.0.0/0" -> null
      - description            = "outbound traffic" -> null
      - id                     = "sgr-0c55ccfa9e297bc2d" -> null
      - ip_protocol            = "-1" -> null
      - security_group_id      = "sg-0c6d5db063928148b" -> null
      - security_group_rule_id = "sgr-0c55ccfa9e297bc2d" -> null
      - tags                   = {
          - "Environment" = "dev"
          - "Name"        = "Public Egress rule"
          - "Project"     = "Yunga"
          - "Terraform"   = "true"
        } -> null
      - tags_all               = {
          - "Environment" = "dev"
          - "Name"        = "Public Egress rule"
          - "Project"     = "Yunga"
          - "Terraform"   = "true"
        } -> null
    }

  # aws_vpc_security_group_ingress_rule.private["node_export"] will be destroyed
  - resource "aws_vpc_security_group_ingress_rule" "private" {
      - arn                    = "arn:aws:ec2:eu-central-1:887012142425:security-group-rule/sgr-07397dd1a08a7d263" -> null
      - cidr_ipv4              = "10.0.128.220/32" -> null
      - description            = "node export rule" -> null
      - from_port              = 9100 -> null
      - id                     = "sgr-07397dd1a08a7d263" -> null
      - ip_protocol            = "tcp" -> null
      - security_group_id      = "sg-0c265a769a4cb44a8" -> null
      - security_group_rule_id = "sgr-07397dd1a08a7d263" -> null
      - tags                   = {
          - "Environment" = "dev"
          - "Name"        = "Private Ingress rule node_export"
          - "Project"     = "Yunga"
          - "Terraform"   = "true"
        } -> null
      - tags_all               = {
          - "Environment" = "dev"
          - "Name"        = "Private Ingress rule node_export"
          - "Project"     = "Yunga"
          - "Terraform"   = "true"
        } -> null
      - to_port                = 9100 -> null
    }

  # aws_vpc_security_group_ingress_rule.private["postgresql"] will be destroyed
  - resource "aws_vpc_security_group_ingress_rule" "private" {
      - arn                    = "arn:aws:ec2:eu-central-1:887012142425:security-group-rule/sgr-0158077c86cb3adfe" -> null
      - cidr_ipv4              = "10.0.128.220/32" -> null
      - description            = "postgresql rule" -> null
      - from_port              = 5432 -> null
      - id                     = "sgr-0158077c86cb3adfe" -> null
      - ip_protocol            = "tcp" -> null
      - security_group_id      = "sg-0c265a769a4cb44a8" -> null
      - security_group_rule_id = "sgr-0158077c86cb3adfe" -> null
      - tags                   = {
          - "Environment" = "dev"
          - "Name"        = "Private Ingress rule postgresql"
          - "Project"     = "Yunga"
          - "Terraform"   = "true"
        } -> null
      - tags_all               = {
          - "Environment" = "dev"
          - "Name"        = "Private Ingress rule postgresql"
          - "Project"     = "Yunga"
          - "Terraform"   = "true"
        } -> null
      - to_port                = 5432 -> null
    }

  # aws_vpc_security_group_ingress_rule.private["prometheus"] will be destroyed
  - resource "aws_vpc_security_group_ingress_rule" "private" {
      - arn                    = "arn:aws:ec2:eu-central-1:887012142425:security-group-rule/sgr-0e931e3e5806658d8" -> null
      - cidr_ipv4              = "10.0.128.220/32" -> null
      - description            = "prometheus rule" -> null
      - from_port              = 9090 -> null
      - id                     = "sgr-0e931e3e5806658d8" -> null
      - ip_protocol            = "tcp" -> null
      - security_group_id      = "sg-0c265a769a4cb44a8" -> null
      - security_group_rule_id = "sgr-0e931e3e5806658d8" -> null
      - tags                   = {
          - "Environment" = "dev"
          - "Name"        = "Private Ingress rule prometheus"
          - "Project"     = "Yunga"
          - "Terraform"   = "true"
        } -> null
      - tags_all               = {
          - "Environment" = "dev"
          - "Name"        = "Private Ingress rule prometheus"
          - "Project"     = "Yunga"
          - "Terraform"   = "true"
        } -> null
      - to_port                = 9090 -> null
    }

  # aws_vpc_security_group_ingress_rule.private["ssh"] will be destroyed
  - resource "aws_vpc_security_group_ingress_rule" "private" {
      - arn                    = "arn:aws:ec2:eu-central-1:887012142425:security-group-rule/sgr-0e42c3454560224a8" -> null
      - cidr_ipv4              = "0.0.0.0/0" -> null
      - description            = "ssh rule" -> null
      - from_port              = 22 -> null
      - id                     = "sgr-0e42c3454560224a8" -> null
      - ip_protocol            = "tcp" -> null
      - security_group_id      = "sg-0c265a769a4cb44a8" -> null
      - security_group_rule_id = "sgr-0e42c3454560224a8" -> null
      - tags                   = {
          - "Environment" = "dev"
          - "Name"        = "Private Ingress rule ssh"
          - "Project"     = "Yunga"
          - "Terraform"   = "true"
        } -> null
      - tags_all               = {
          - "Environment" = "dev"
          - "Name"        = "Private Ingress rule ssh"
          - "Project"     = "Yunga"
          - "Terraform"   = "true"
        } -> null
      - to_port                = 22 -> null
    }

  # aws_vpc_security_group_ingress_rule.public["http"] will be destroyed
  - resource "aws_vpc_security_group_ingress_rule" "public" {
      - arn                    = "arn:aws:ec2:eu-central-1:887012142425:security-group-rule/sgr-016d0aab9a5e7f839" -> null
      - cidr_ipv4              = "0.0.0.0/0" -> null
      - description            = "http rule" -> null
      - from_port              = 80 -> null
      - id                     = "sgr-016d0aab9a5e7f839" -> null
      - ip_protocol            = "tcp" -> null
      - security_group_id      = "sg-0c6d5db063928148b" -> null
      - security_group_rule_id = "sgr-016d0aab9a5e7f839" -> null
      - tags                   = {
          - "Environment" = "dev"
          - "Name"        = "Public Ingress rule http"
          - "Project"     = "Yunga"
          - "Terraform"   = "true"
        } -> null
      - tags_all               = {
          - "Environment" = "dev"
          - "Name"        = "Public Ingress rule http"
          - "Project"     = "Yunga"
          - "Terraform"   = "true"
        } -> null
      - to_port                = 80 -> null
    }

  # aws_vpc_security_group_ingress_rule.public["https"] will be destroyed
  - resource "aws_vpc_security_group_ingress_rule" "public" {
      - arn                    = "arn:aws:ec2:eu-central-1:887012142425:security-group-rule/sgr-022683aafc5f86b35" -> null
      - cidr_ipv4              = "0.0.0.0/0" -> null
      - description            = "https rule" -> null
      - from_port              = 443 -> null
      - id                     = "sgr-022683aafc5f86b35" -> null
      - ip_protocol            = "tcp" -> null
      - security_group_id      = "sg-0c6d5db063928148b" -> null
      - security_group_rule_id = "sgr-022683aafc5f86b35" -> null
      - tags                   = {
          - "Environment" = "dev"
          - "Name"        = "Public Ingress rule https"
          - "Project"     = "Yunga"
          - "Terraform"   = "true"
        } -> null
      - tags_all               = {
          - "Environment" = "dev"
          - "Name"        = "Public Ingress rule https"
          - "Project"     = "Yunga"
          - "Terraform"   = "true"
        } -> null
      - to_port                = 443 -> null
    }

  # aws_vpc_security_group_ingress_rule.public["ssh"] will be destroyed
  - resource "aws_vpc_security_group_ingress_rule" "public" {
      - arn                    = "arn:aws:ec2:eu-central-1:887012142425:security-group-rule/sgr-01735b4cd532fbb2a" -> null
      - cidr_ipv4              = "0.0.0.0/0" -> null
      - description            = "ssh rule" -> null
      - from_port              = 22 -> null
      - id                     = "sgr-01735b4cd532fbb2a" -> null
      - ip_protocol            = "tcp" -> null
      - security_group_id      = "sg-0c6d5db063928148b" -> null
      - security_group_rule_id = "sgr-01735b4cd532fbb2a" -> null
      - tags                   = {
          - "Environment" = "dev"
          - "Name"        = "Public Ingress rule ssh"
          - "Project"     = "Yunga"
          - "Terraform"   = "true"
        } -> null
      - tags_all               = {
          - "Environment" = "dev"
          - "Name"        = "Public Ingress rule ssh"
          - "Project"     = "Yunga"
          - "Terraform"   = "true"
        } -> null
      - to_port                = 22 -> null
    }

Plan: 0 to add, 0 to change, 25 to destroy.

Changes to Outputs:
  - aws = {
      - account_id = "887012142425"
      - defaults   = {
          - availability_zone = "eu-central-1a"
        }
      - region     = "eu-central-1"
    } -> null

─────────────────────────────────────────────────────────────────────────────

Saved the plan to: plan.out

To perform exactly these actions, run the following command to apply:
    terraform apply "plan.out"
